[2017-11-03 14:35:54] mail.ERROR: Error: Unable to connect to MySQL server! Error: Access denied for user 'cp4809_garagesal'@'localhost' (using password: YES) [] []
[2017-11-03 14:35:54] mail.ERROR: Error: Unable to connect to MySQL server! Error: Access denied for user 'cp4809_garagesal'@'localhost' (using password: YES) [] []
[2017-11-03 14:35:55] mail.ERROR: Error: Unable to connect to MySQL server! Error: Access denied for user 'cp4809_garagesal'@'localhost' (using password: YES) [] []
[2017-11-03 14:35:55] mail.ERROR: Error: Unable to connect to MySQL server! Error: Access denied for user 'cp4809_garagesal'@'localhost' (using password: YES) [] []
[2017-11-03 14:35:55] mail.ERROR: Error: Unable to connect to MySQL server! Error: Access denied for user 'cp4809_garagesal'@'localhost' (using password: YES) [] []
[2017-11-03 14:35:55] mail.ERROR: Error: Unable to connect to MySQL server! Error: Access denied for user 'cp4809_garagesal'@'localhost' (using password: YES) [] []
[2017-11-03 14:35:56] mail.ERROR: Error: Unable to connect to MySQL server! Error: Access denied for user 'cp4809_garagesal'@'localhost' (using password: YES) [] []
[2017-11-03 14:35:56] mail.ERROR: Error: Unable to connect to MySQL server! Error: Access denied for user 'cp4809_garagesal'@'localhost' (using password: YES) [] []
[2017-11-03 14:35:56] mail.ERROR: Error: Unable to connect to MySQL server! Error: Access denied for user 'cp4809_garagesal'@'localhost' (using password: YES) [] []
[2017-11-03 14:35:56] mail.ERROR: Error: Unable to connect to MySQL server! Error: Access denied for user 'cp4809_garagesal'@'localhost' (using password: YES) [] []
[2017-11-03 14:35:57] mail.ERROR: Error: Unable to connect to MySQL server! Error: Access denied for user 'cp4809_garagesal'@'localhost' (using password: YES) [] []
[2017-11-03 14:35:57] mail.ERROR: Error: Unable to connect to MySQL server! Error: Access denied for user 'cp4809_garagesal'@'localhost' (using password: YES) [] []
[2017-11-03 14:35:57] mail.ERROR: Error: Unable to connect to MySQL server! Error: Access denied for user 'cp4809_garagesal'@'localhost' (using password: YES) [] []
[2017-11-03 14:35:57] mail.ERROR: Error: Unable to connect to MySQL server! Error: Access denied for user 'cp4809_garagesal'@'localhost' (using password: YES) [] []
[2017-11-03 14:35:57] mail.ERROR: Error: Unable to connect to MySQL server! Error: Access denied for user 'cp4809_garagesal'@'localhost' (using password: YES) [] []
[2017-11-03 14:35:57] mail.ERROR: Error: Unable to connect to MySQL server! Error: Access denied for user 'cp4809_garagesal'@'localhost' (using password: YES) [] []
[2017-11-03 14:35:57] mail.ERROR: Error: Unable to connect to MySQL server! Error: Access denied for user 'cp4809_garagesal'@'localhost' (using password: YES) [] []
[2017-11-03 14:35:57] mail.ERROR: Error: Unable to connect to MySQL server! Error: Access denied for user 'cp4809_garagesal'@'localhost' (using password: YES) [] []
[2017-11-03 14:35:57] mail.ERROR: Error: Unable to connect to MySQL server! Error: Access denied for user 'cp4809_garagesal'@'localhost' (using password: YES) [] []
[2017-11-03 14:35:58] mail.ERROR: Error: Unable to connect to MySQL server! Error: Access denied for user 'cp4809_garagesal'@'localhost' (using password: YES) [] []
[2017-11-03 14:35:58] mail.ERROR: Error: Unable to connect to MySQL server! Error: Access denied for user 'cp4809_garagesal'@'localhost' (using password: YES) [] []
[2017-11-03 14:35:58] mail.ERROR: Error: Unable to connect to MySQL server! Error: Access denied for user 'cp4809_garagesal'@'localhost' (using password: YES) [] []
[2017-11-03 14:35:58] mail.ERROR: Error: Unable to connect to MySQL server! Error: Access denied for user 'cp4809_garagesal'@'localhost' (using password: YES) [] []
[2017-11-03 14:35:58] mail.ERROR: Error: Unable to connect to MySQL server! Error: Access denied for user 'cp4809_garagesal'@'localhost' (using password: YES) [] []
[2017-11-03 14:35:59] mail.ERROR: Error: Unable to connect to MySQL server! Error: Access denied for user 'cp4809_garagesal'@'localhost' (using password: YES) [] []
[2017-11-03 14:36:00] mail.ERROR: Error: Unable to connect to MySQL server! Error: Access denied for user 'cp4809_garagesal'@'localhost' (using password: YES) [] []
[2017-11-03 14:36:00] mail.ERROR: Error: Unable to connect to MySQL server! Error: Access denied for user 'cp4809_garagesal'@'localhost' (using password: YES) [] []
[2017-11-03 14:36:00] mail.ERROR: Error: Unable to connect to MySQL server! Error: Access denied for user 'cp4809_garagesal'@'localhost' (using password: YES) [] []
[2017-11-03 14:36:00] mail.ERROR: Error: Unable to connect to MySQL server! Error: Access denied for user 'cp4809_garagesal'@'localhost' (using password: YES) [] []
[2017-11-03 14:36:00] mail.ERROR: Error: Unable to connect to MySQL server! Error: Access denied for user 'cp4809_garagesal'@'localhost' (using password: YES) [] []
[2017-11-03 14:36:00] mail.ERROR: Error: Unable to connect to MySQL server! Error: Access denied for user 'cp4809_garagesal'@'localhost' (using password: YES) [] []
[2017-11-03 14:36:00] mail.ERROR: Error: Unable to connect to MySQL server! Error: Access denied for user 'cp4809_garagesal'@'localhost' (using password: YES) [] []
[2017-11-03 14:36:01] mail.ERROR: Error: Unable to connect to MySQL server! Error: Access denied for user 'cp4809_garagesal'@'localhost' (using password: YES) [] []
[2017-11-03 14:36:01] mail.ERROR: Error: Unable to connect to MySQL server! Error: Access denied for user 'cp4809_garagesal'@'localhost' (using password: YES) [] []
[2017-11-03 14:36:01] mail.ERROR: Error: Unable to connect to MySQL server! Error: Access denied for user 'cp4809_garagesal'@'localhost' (using password: YES) [] []
[2017-11-03 14:36:02] mail.ERROR: Error: Unable to connect to MySQL server! Error: Access denied for user 'cp4809_garagesal'@'localhost' (using password: YES) [] []
[2017-11-03 14:36:02] mail.ERROR: Error: Unable to connect to MySQL server! Error: Access denied for user 'cp4809_garagesal'@'localhost' (using password: YES) [] []
[2017-11-03 14:36:02] mail.ERROR: Error: Unable to connect to MySQL server! Error: Access denied for user 'cp4809_garagesal'@'localhost' (using password: YES) [] []
[2017-11-03 14:36:02] mail.ERROR: Error: Unable to connect to MySQL server! Error: Access denied for user 'cp4809_garagesal'@'localhost' (using password: YES) [] []
[2017-11-03 14:36:02] mail.ERROR: Error: Unable to connect to MySQL server! Error: Access denied for user 'cp4809_garagesal'@'localhost' (using password: YES) [] []
[2017-11-03 14:36:02] mail.ERROR: Error: Unable to connect to MySQL server! Error: Access denied for user 'cp4809_garagesal'@'localhost' (using password: YES) [] []
[2017-11-03 14:36:02] mail.ERROR: Error: Unable to connect to MySQL server! Error: Access denied for user 'cp4809_garagesal'@'localhost' (using password: YES) [] []
[2017-11-03 14:36:02] mail.ERROR: Error: Unable to connect to MySQL server! Error: Access denied for user 'cp4809_garagesal'@'localhost' (using password: YES) [] []
[2017-11-03 14:36:03] mail.ERROR: Error: Unable to connect to MySQL server! Error: Access denied for user 'cp4809_garagesal'@'localhost' (using password: YES) [] []
[2017-11-03 14:36:06] mail.ERROR: Error: Unable to connect to MySQL server! Error: Access denied for user 'cp4809_garagesal'@'localhost' (using password: YES) [] []
[2017-11-05 22:12:43] mail.ERROR: Error uploading file: Array (     [name] => Array         (             [0] => Assignment1.txt             [1] => blog.sql             [2] => blog_wdata.sql         )      [type] => Array         (             [0] => text/plain             [1] => application/octet-stream             [2] => application/octet-stream         )      [tmp_name] => Array         (             [0] => C:\xampp\tmp\php79AF.tmp             [1] => C:\xampp\tmp\php79C0.tmp             [2] => C:\xampp\tmp\php79C1.tmp         )      [error] => Array         (             [0] => 0             [1] => 0             [2] => 0         )      [size] => Array         (             [0] => 665             [1] => 2164             [2] => 8475         )  )  [] []
[2017-11-05 22:18:58] mail.ERROR: Error uploading file: Array (     [name] => Array         (             [0] =>          )      [type] => Array         (             [0] =>          )      [tmp_name] => Array         (             [0] =>          )      [error] => Array         (             [0] => 4         )      [size] => Array         (             [0] => 0         )  )  [] []
[2017-11-05 23:27:17] mail.ERROR: Error: Unknown column 'addId' in 'field list' [] []
[2017-11-05 23:27:17] mail.ERROR: Query: INSERT INTO `pictures` (`addId`,`imagePath`) VALUES (4, '/uploads/day_02_exercise_1_register_person.jpg'), (4, '/uploads/flora.gif') [] []
[2017-11-06 15:51:40] mail.ERROR: Error: Unable to connect to MySQL server! Error: Access denied for user 'cp4809_garagesal'@'localhost' (using password: YES) [] []
[2017-11-06 15:56:08] mail.ERROR: Error: Table 'cp4809_garagesale.products' doesn't exist [] []
[2017-11-06 15:56:08] mail.ERROR: Query: SELECT name,description,price,imagePath FROM products,pictures WHERE products.id=pictures.productId [] []
[2017-11-06 16:08:39] mail.ERROR: Error: Cannot add or update a child row: a foreign key constraint fails (`cp4809_garagesale`.`ads`, CONSTRAINT `ads_ibfk_1` FOREIGN KEY (`categoryId`) REFERENCES `categories` (`id`)) [] []
[2017-11-06 16:08:39] mail.ERROR: Query: INSERT INTO `ads` (`categoryId`,`title`,`body`,`price`,`sellerId`) VALUES ('', 'A great deal on a vintage car', 'This is an ad for a vintage car', '100000.00', '3') [] []
[2017-11-06 16:12:42] mail.ERROR: Error: Cannot add or update a child row: a foreign key constraint fails (`cp4809_garagesale`.`ads`, CONSTRAINT `ads_ibfk_1` FOREIGN KEY (`categoryId`) REFERENCES `categories` (`id`)) [] []
[2017-11-06 16:12:42] mail.ERROR: Query: INSERT INTO `ads` (`categoryId`,`title`,`body`,`price`,`sellerId`) VALUES ('', 'A great deal on a vintage car', 'This is an ad for a vintage car', '100000.00', '3') [] []
[2017-11-06 16:50:11] mail.ERROR: Error: Unknown column 'pictures.productId' in 'where clause' [] []
[2017-11-06 16:50:11] mail.ERROR: Query: SELECT name,description,price,imagePath FROM products,pictures WHERE products.id=pictures.productId [] []
[2017-11-06 19:40:17] mail.ERROR: Error: Unable to connect to MySQL server! Error: A connection attempt failed because the connected party did not properly respond after a period of time, or established connection failed because connected host has failed to respond.  [] []
[2017-11-06 19:41:10] mail.ERROR: Error: Unable to connect to MySQL server! Error: A connection attempt failed because the connected party did not properly respond after a period of time, or established connection failed because connected host has failed to respond.  [] []
[2017-11-06 19:41:59] mail.ERROR: Error: Unable to connect to MySQL server! Error: A connection attempt failed because the connected party did not properly respond after a period of time, or established connection failed because connected host has failed to respond.  [] []
[2017-11-06 20:06:22] mail.ERROR: Error: Unable to connect to MySQL server! Error: A connection attempt failed because the connected party did not properly respond after a period of time, or established connection failed because connected host has failed to respond.  [] []
[2017-11-06 20:06:56] mail.ERROR: Error: Unable to connect to MySQL server! Error: A connection attempt failed because the connected party did not properly respond after a period of time, or established connection failed because connected host has failed to respond.  [] []
[2017-11-06 21:35:27] mail.ERROR: Error: Unknown column 'pictures.productId' in 'where clause' [] []
[2017-11-06 21:35:27] mail.ERROR: Query: SELECT name,description,price,imagePath FROM products,pictures WHERE products.id=pictures.productId [] []
[2017-11-06 21:48:57] mail.ERROR: Error: Unable to connect to MySQL server! Error: A connection attempt failed because the connected party did not properly respond after a period of time, or established connection failed because connected host has failed to respond.  [] []
[2017-11-06 21:50:14] mail.ERROR: Error: Unable to connect to MySQL server! Error: A connection attempt failed because the connected party did not properly respond after a period of time, or established connection failed because connected host has failed to respond.  [] []
[2017-11-06 21:52:34] mail.ERROR: Error: Unable to connect to MySQL server! Error: A connection attempt failed because the connected party did not properly respond after a period of time, or established connection failed because connected host has failed to respond.  [] []
[2017-11-06 21:53:54] mail.ERROR: Error: Unable to connect to MySQL server! Error: A connection attempt failed because the connected party did not properly respond after a period of time, or established connection failed because connected host has failed to respond.  [] []
[2017-11-06 21:58:24] mail.ERROR: Error: Unable to connect to MySQL server! Error: A connection attempt failed because the connected party did not properly respond after a period of time, or established connection failed because connected host has failed to respond.  [] []
[2017-11-06 22:12:52] mail.ERROR: Error: Unable to connect to MySQL server! Error: A connection attempt failed because the connected party did not properly respond after a period of time, or established connection failed because connected host has failed to respond.  [] []
[2017-11-06 22:14:53] mail.ERROR: Error: Unable to connect to MySQL server! Error: A connection attempt failed because the connected party did not properly respond after a period of time, or established connection failed because connected host has failed to respond.  [] []
[2017-11-06 22:52:01] mail.ERROR: Error: Unable to connect to MySQL server! Error: A connection attempt failed because the connected party did not properly respond after a period of time, or established connection failed because connected host has failed to respond.  [] []
[2017-11-06 22:56:23] mail.ERROR: Error: Unable to connect to MySQL server! Error: A connection attempt failed because the connected party did not properly respond after a period of time, or established connection failed because connected host has failed to respond.  [] []
[2017-11-06 22:56:50] mail.ERROR: Error: Unable to connect to MySQL server! Error: A connection attempt failed because the connected party did not properly respond after a period of time, or established connection failed because connected host has failed to respond.  [] []
[2017-11-07 18:08:47] mail.ERROR: Error: Table 'cp4809_garagesale.passresets' doesn't exist [] []
[2017-11-07 18:08:47] mail.ERROR: Query: INSERT INTO `passresets` (`userId`,`secretToken`,`expiryDateTime`) VALUES ('7', '8laJJQoAO4smrfc0f6XZjQAidbqm4mjbs5Bety8sIwflhbMQLh', '2017-11-07 18:13:47') ON DUPLICATE KEY UPDATE `userId`='7', `secretToken`='8laJJQoAO4smrfc0f6XZjQAidbqm4mjbs5Bety8sIwflhbMQLh', `expiryDateTime`='2017-11-07 18:13:47' [] []
[2017-11-07 18:09:10] mail.ERROR: Error: Unknown column 'pictures.productId' in 'where clause' [] []
[2017-11-07 18:09:10] mail.ERROR: Query: SELECT name,description,price,imagePath FROM products,pictures WHERE products.id=pictures.productId [] []
[2017-11-07 18:09:12] mail.ERROR: Error: Unknown column 'pictures.productId' in 'where clause' [] []
[2017-11-07 18:09:12] mail.ERROR: Query: SELECT name,description,price,imagePath FROM products,pictures WHERE products.id=pictures.productId [] []
