[2017-11-03 14:35:54] mail.ERROR: Error: Unable to connect to MySQL server! Error: Access denied for user 'cp4809_garagesal'@'localhost' (using password: YES) [] []
[2017-11-03 14:35:54] mail.ERROR: Error: Unable to connect to MySQL server! Error: Access denied for user 'cp4809_garagesal'@'localhost' (using password: YES) [] []
[2017-11-03 14:35:55] mail.ERROR: Error: Unable to connect to MySQL server! Error: Access denied for user 'cp4809_garagesal'@'localhost' (using password: YES) [] []
[2017-11-03 14:35:55] mail.ERROR: Error: Unable to connect to MySQL server! Error: Access denied for user 'cp4809_garagesal'@'localhost' (using password: YES) [] []
[2017-11-03 14:35:55] mail.ERROR: Error: Unable to connect to MySQL server! Error: Access denied for user 'cp4809_garagesal'@'localhost' (using password: YES) [] []
[2017-11-03 14:35:55] mail.ERROR: Error: Unable to connect to MySQL server! Error: Access denied for user 'cp4809_garagesal'@'localhost' (using password: YES) [] []
[2017-11-03 14:35:56] mail.ERROR: Error: Unable to connect to MySQL server! Error: Access denied for user 'cp4809_garagesal'@'localhost' (using password: YES) [] []
[2017-11-03 14:35:56] mail.ERROR: Error: Unable to connect to MySQL server! Error: Access denied for user 'cp4809_garagesal'@'localhost' (using password: YES) [] []
[2017-11-03 14:35:56] mail.ERROR: Error: Unable to connect to MySQL server! Error: Access denied for user 'cp4809_garagesal'@'localhost' (using password: YES) [] []
[2017-11-03 14:35:56] mail.ERROR: Error: Unable to connect to MySQL server! Error: Access denied for user 'cp4809_garagesal'@'localhost' (using password: YES) [] []
[2017-11-03 14:35:57] mail.ERROR: Error: Unable to connect to MySQL server! Error: Access denied for user 'cp4809_garagesal'@'localhost' (using password: YES) [] []
[2017-11-03 14:35:57] mail.ERROR: Error: Unable to connect to MySQL server! Error: Access denied for user 'cp4809_garagesal'@'localhost' (using password: YES) [] []
[2017-11-03 14:35:57] mail.ERROR: Error: Unable to connect to MySQL server! Error: Access denied for user 'cp4809_garagesal'@'localhost' (using password: YES) [] []
[2017-11-03 14:35:57] mail.ERROR: Error: Unable to connect to MySQL server! Error: Access denied for user 'cp4809_garagesal'@'localhost' (using password: YES) [] []
[2017-11-03 14:35:57] mail.ERROR: Error: Unable to connect to MySQL server! Error: Access denied for user 'cp4809_garagesal'@'localhost' (using password: YES) [] []
[2017-11-03 14:35:57] mail.ERROR: Error: Unable to connect to MySQL server! Error: Access denied for user 'cp4809_garagesal'@'localhost' (using password: YES) [] []
[2017-11-03 14:35:57] mail.ERROR: Error: Unable to connect to MySQL server! Error: Access denied for user 'cp4809_garagesal'@'localhost' (using password: YES) [] []
[2017-11-03 14:35:57] mail.ERROR: Error: Unable to connect to MySQL server! Error: Access denied for user 'cp4809_garagesal'@'localhost' (using password: YES) [] []
[2017-11-03 14:35:57] mail.ERROR: Error: Unable to connect to MySQL server! Error: Access denied for user 'cp4809_garagesal'@'localhost' (using password: YES) [] []
[2017-11-03 14:35:58] mail.ERROR: Error: Unable to connect to MySQL server! Error: Access denied for user 'cp4809_garagesal'@'localhost' (using password: YES) [] []
[2017-11-03 14:35:58] mail.ERROR: Error: Unable to connect to MySQL server! Error: Access denied for user 'cp4809_garagesal'@'localhost' (using password: YES) [] []
[2017-11-03 14:35:58] mail.ERROR: Error: Unable to connect to MySQL server! Error: Access denied for user 'cp4809_garagesal'@'localhost' (using password: YES) [] []
[2017-11-03 14:35:58] mail.ERROR: Error: Unable to connect to MySQL server! Error: Access denied for user 'cp4809_garagesal'@'localhost' (using password: YES) [] []
[2017-11-03 14:35:58] mail.ERROR: Error: Unable to connect to MySQL server! Error: Access denied for user 'cp4809_garagesal'@'localhost' (using password: YES) [] []
[2017-11-03 14:35:59] mail.ERROR: Error: Unable to connect to MySQL server! Error: Access denied for user 'cp4809_garagesal'@'localhost' (using password: YES) [] []
[2017-11-03 14:36:00] mail.ERROR: Error: Unable to connect to MySQL server! Error: Access denied for user 'cp4809_garagesal'@'localhost' (using password: YES) [] []
[2017-11-03 14:36:00] mail.ERROR: Error: Unable to connect to MySQL server! Error: Access denied for user 'cp4809_garagesal'@'localhost' (using password: YES) [] []
[2017-11-03 14:36:00] mail.ERROR: Error: Unable to connect to MySQL server! Error: Access denied for user 'cp4809_garagesal'@'localhost' (using password: YES) [] []
[2017-11-03 14:36:00] mail.ERROR: Error: Unable to connect to MySQL server! Error: Access denied for user 'cp4809_garagesal'@'localhost' (using password: YES) [] []
[2017-11-03 14:36:00] mail.ERROR: Error: Unable to connect to MySQL server! Error: Access denied for user 'cp4809_garagesal'@'localhost' (using password: YES) [] []
[2017-11-03 14:36:00] mail.ERROR: Error: Unable to connect to MySQL server! Error: Access denied for user 'cp4809_garagesal'@'localhost' (using password: YES) [] []
[2017-11-03 14:36:00] mail.ERROR: Error: Unable to connect to MySQL server! Error: Access denied for user 'cp4809_garagesal'@'localhost' (using password: YES) [] []
[2017-11-03 14:36:01] mail.ERROR: Error: Unable to connect to MySQL server! Error: Access denied for user 'cp4809_garagesal'@'localhost' (using password: YES) [] []
[2017-11-03 14:36:01] mail.ERROR: Error: Unable to connect to MySQL server! Error: Access denied for user 'cp4809_garagesal'@'localhost' (using password: YES) [] []
[2017-11-03 14:36:01] mail.ERROR: Error: Unable to connect to MySQL server! Error: Access denied for user 'cp4809_garagesal'@'localhost' (using password: YES) [] []
[2017-11-03 14:36:02] mail.ERROR: Error: Unable to connect to MySQL server! Error: Access denied for user 'cp4809_garagesal'@'localhost' (using password: YES) [] []
[2017-11-03 14:36:02] mail.ERROR: Error: Unable to connect to MySQL server! Error: Access denied for user 'cp4809_garagesal'@'localhost' (using password: YES) [] []
[2017-11-03 14:36:02] mail.ERROR: Error: Unable to connect to MySQL server! Error: Access denied for user 'cp4809_garagesal'@'localhost' (using password: YES) [] []
[2017-11-03 14:36:02] mail.ERROR: Error: Unable to connect to MySQL server! Error: Access denied for user 'cp4809_garagesal'@'localhost' (using password: YES) [] []
[2017-11-03 14:36:02] mail.ERROR: Error: Unable to connect to MySQL server! Error: Access denied for user 'cp4809_garagesal'@'localhost' (using password: YES) [] []
[2017-11-03 14:36:02] mail.ERROR: Error: Unable to connect to MySQL server! Error: Access denied for user 'cp4809_garagesal'@'localhost' (using password: YES) [] []
[2017-11-03 14:36:02] mail.ERROR: Error: Unable to connect to MySQL server! Error: Access denied for user 'cp4809_garagesal'@'localhost' (using password: YES) [] []
[2017-11-03 14:36:02] mail.ERROR: Error: Unable to connect to MySQL server! Error: Access denied for user 'cp4809_garagesal'@'localhost' (using password: YES) [] []
[2017-11-03 14:36:03] mail.ERROR: Error: Unable to connect to MySQL server! Error: Access denied for user 'cp4809_garagesal'@'localhost' (using password: YES) [] []
[2017-11-03 14:36:06] mail.ERROR: Error: Unable to connect to MySQL server! Error: Access denied for user 'cp4809_garagesal'@'localhost' (using password: YES) [] []
[2017-11-05 22:12:43] mail.ERROR: Error uploading file: Array (     [name] => Array         (             [0] => Assignment1.txt             [1] => blog.sql             [2] => blog_wdata.sql         )      [type] => Array         (             [0] => text/plain             [1] => application/octet-stream             [2] => application/octet-stream         )      [tmp_name] => Array         (             [0] => C:\xampp\tmp\php79AF.tmp             [1] => C:\xampp\tmp\php79C0.tmp             [2] => C:\xampp\tmp\php79C1.tmp         )      [error] => Array         (             [0] => 0             [1] => 0             [2] => 0         )      [size] => Array         (             [0] => 665             [1] => 2164             [2] => 8475         )  )  [] []
[2017-11-05 22:18:58] mail.ERROR: Error uploading file: Array (     [name] => Array         (             [0] =>          )      [type] => Array         (             [0] =>          )      [tmp_name] => Array         (             [0] =>          )      [error] => Array         (             [0] => 4         )      [size] => Array         (             [0] => 0         )  )  [] []
[2017-11-05 23:27:17] mail.ERROR: Error: Unknown column 'addId' in 'field list' [] []
[2017-11-05 23:27:17] mail.ERROR: Query: INSERT INTO `pictures` (`addId`,`imagePath`) VALUES (4, '/uploads/day_02_exercise_1_register_person.jpg'), (4, '/uploads/flora.gif') [] []
